PLINK v1.90b6.24 64-bit (6 Jun 2021)
Options in effect:
  --ld-window 10000
  --ld-window-kb 10
  --ld-window-r2 0.0
  --maf 0.000001
  --out /Users/suranyi/Documents/project/GBC/GBC-1.1/example/out.ld
  --r2
  --vcf /Users/suranyi/Documents/project/GBC/GBC-1.1/example/assoc.hg19.unphased.vcf

Hostname: suranyi.local
Working directory: /Users/suranyi
Start time: Sat Jan 29 23:28:34 2022

Random number seed: 1643470114
32768 MB RAM detected; reserving 16384 MB for main workspace.
--vcf:
/Users/suranyi/Documents/project/GBC/GBC-1.1/example/out.ld-temporary.bed +
/Users/suranyi/Documents/project/GBC/GBC-1.1/example/out.ld-temporary.bim +
/Users/suranyi/Documents/project/GBC/GBC-1.1/example/out.ld-temporary.fam
written.
2 variants loaded from .bim file.
5 people (0 males, 0 females, 5 ambiguous) loaded from .fam.
Ambiguous sex IDs written to
/Users/suranyi/Documents/project/GBC/GBC-1.1/example/out.ld.nosex .
Using up to 9 threads (change this with --threads).
Before main variant filters, 5 founders and 0 nonfounders present.
Calculating allele frequencies... done.
Total genotyping rate is exactly 1.
0 variants removed due to minor allele threshold(s)
(--maf/--max-maf/--mac/--max-mac).
2 variants and 5 people pass filters and QC.
Note: No phenotypes present.
--r2 to /Users/suranyi/Documents/project/GBC/GBC-1.1/example/out.ld.ld ...
done.

End time: Sat Jan 29 23:28:34 2022
